<?xml version="1.0" encoding="UTF-8" ?>
<testsuite tests="5" failures="0" name="options.RunCucumberTest" time="0.002" errors="0" skipped="0">
  <properties>
[...]
</properties>
  <testcase classname="Scenario: Call booking service and get status 200" name="Given A POST call with body sent to booking endpoint" time="0.002"/>
  <testcase classname="Scenario: Call booking service and get status 200" name="Then Booking endpoint returns status code - 200" time="0"/>
  <testcase classname="Scenario: Call booking service and get status 200" name="And Booking service request / response fields are not corrupted" time="0"/>
  <testcase classname="Scenario: Call booking service and get status 200" name="And Booking service response booking ID field has value" time="0"/>
  <testcase classname="Scenario: Call booking service and get status 200" name="Scenario: Call booking service and get status 200" time="0"/>
</testsuite>